Bytewalla-master1/app/build/outputs/logs/manifest-merger-debug-report.txt
-- Merging decision tree log ---
manifest
ADDED from src\main\AndroidManifest.xml:2:1-50:12
	xmlns:android
		ADDED from src\main\AndroidManifest.xml:2:11-69
	package
		ADDED from src\main\AndroidManifest.xml:3:7-55
		INJECTED from src\main\AndroidManifest.xml
		INJECTED from src\main\AndroidManifest.xml
	android:versionName
		ADDED from src\main\AndroidManifest.xml:4:31-56
	android:versionCode
		ADDED from src\main\AndroidManifest.xml:4:7-30
		INJECTED from src\main\AndroidManifest.xml
		INJECTED from src\main\AndroidManifest.xml
application
ADDED from src\main\AndroidManifest.xml:5:5-41:15
	android:label
		ADDED from src\main\AndroidManifest.xml:5:78-113
	android:debuggable
		ADDED from src\main\AndroidManifest.xml:5:52-77
	android:icon
		ADDED from src\main\AndroidManifest.xml:5:18-51
activity#se.kth.ssvl.tslab.bytewalla.androiddtn.DTNManager
ADDED from src\main\AndroidManifest.xml:11:5-16:16
	android:label
		ADDED from src\main\AndroidManifest.xml:11:42-67
	android:name
		ADDED from src\main\AndroidManifest.xml:11:15-41
intent-filter#android.intent.action.MAIN+android.intent.category.LAUNCHER
ADDED from src\main\AndroidManifest.xml:12:8-15:29
action#android.intent.action.MAIN
ADDED from src\main\AndroidManifest.xml:13:17-69
	android:name
		ADDED from src\main\AndroidManifest.xml:13:25-66
category#android.intent.category.LAUNCHER
ADDED from src\main\AndroidManifest.xml:14:17-77
	android:name
		ADDED from src\main\AndroidManifest.xml:14:27-74
activity#se.kth.ssvl.tslab.bytewalla.androiddtn.DTNConfigEditor
ADDED from src\main\AndroidManifest.xml:18:6-20:16
	android:label
		ADDED from src\main\AndroidManifest.xml:18:48-79
	android:name
		ADDED from src\main\AndroidManifest.xml:18:16-47
activity#se.kth.ssvl.tslab.bytewalla.androiddtn.apps.DTNSend
ADDED from src\main\AndroidManifest.xml:24:5-26:16
	android:label
		ADDED from src\main\AndroidManifest.xml:24:44-67
	android:name
		ADDED from src\main\AndroidManifest.xml:24:15-43
activity#se.kth.ssvl.tslab.bytewalla.androiddtn.apps.DTNReceive
ADDED from src\main\AndroidManifest.xml:28:6-30:16
	android:label
		ADDED from src\main\AndroidManifest.xml:28:48-74
	android:name
		ADDED from src\main\AndroidManifest.xml:28:16-47
activity#se.kth.ssvl.tslab.bytewalla.androiddtn.apps.DTNDiscovery
ADDED from src\main\AndroidManifest.xml:32:9-34:20
	android:label
		ADDED from src\main\AndroidManifest.xml:32:53-81
	android:name
		ADDED from src\main\AndroidManifest.xml:32:19-52
activity#se.kth.ssvl.tslab.bytewalla.androiddtn.apps.DTNApps
ADDED from src\main\AndroidManifest.xml:36:9-38:16
	android:label
		ADDED from src\main\AndroidManifest.xml:36:48-71
	android:name
		ADDED from src\main\AndroidManifest.xml:36:19-47
service#se.kth.ssvl.tslab.bytewalla.androiddtn.DTNService
ADDED from src\main\AndroidManifest.xml:39:5-81
	android:label
		ADDED from src\main\AndroidManifest.xml:39:42-68
	android:name
		ADDED from src\main\AndroidManifest.xml:39:15-41
uses-sdk
ADDED from src\main\AndroidManifest.xml:42:5-43
	android:targetSdkVersion
		INJECTED from src\main\AndroidManifest.xml
		INJECTED from src\main\AndroidManifest.xml
	android:minSdkVersion
		ADDED from src\main\AndroidManifest.xml:42:15-40
		INJECTED from src\main\AndroidManifest.xml
		INJECTED from src\main\AndroidManifest.xml
uses-permission#android.permission.WRITE_EXTERNAL_STORAGE
ADDED from src\main\AndroidManifest.xml:44:1-93
	android:name
		ADDED from src\main\AndroidManifest.xml:44:18-74
uses-permission#android.permission.ACCESS_WIFI_STATE
ADDED from src\main\AndroidManifest.xml:45:1-88
	android:name
		ADDED from src\main\AndroidManifest.xml:45:18-69
uses-permission#android.permission.ACCESS_NETWORK_STATE
ADDED from src\main\AndroidManifest.xml:46:1-91
	android:name
		ADDED from src\main\AndroidManifest.xml:46:18-72
uses-permission#android.permission.INTERNET
ADDED from src\main\AndroidManifest.xml:48:1-79
	android:name
		ADDED from src\main\AndroidManifest.xml:48:18-60